<?xml version="1.0" encoding="UTF-8"?>
<!-- Generated by org.testng.reporters.JUnitReportReporter -->
<testsuite hostname="KULMBW-NWX0052" name="Selenium4.SeleniumFeatures" tests="1" failures="0" timestamp="10 Jun 2020 13:01:38 GMT" time="17.935" errors="0">
  <testcase name="Location" time="17.935" classname="Selenium4.SeleniumFeatures"/>
</testsuite> <!-- Selenium4.SeleniumFeatures -->
